<?xml version="1.0" encoding="UTF-8"?>
<!-- Generated by org.testng.reporters.JUnitReportReporter -->
<testsuite skipped="0" hostname="LAPTOP-EB5298G3" name="com.eagercrow.automation.EagerCrow" tests="2" failures="0" timestamp="23 May 2018 05:00:23 GMT" time="71.086" errors="0">
  <testcase name="signIn" time="41.728" classname="com.eagercrow.automation.EagerCrow"/>
  <testcase name="signIn" time="29.358" classname="com.eagercrow.automation.EagerCrow"/>
</testsuite> <!-- com.eagercrow.automation.EagerCrow -->
