<?xml version="1.0" encoding="UTF-8"?>
<!-- Generated by org.testng.reporters.JUnitReportReporter -->
<testsuite skipped="0" hostname="LAPTOP-EB5298G3" name="com.eagercrow.automation.QuickerWebSite" tests="1" failures="0" timestamp="09 Jun 2018 05:27:05 GMT" time="53.803" errors="0">
  <testcase name="login" time="53.803" classname="com.eagercrow.automation.QuickerWebSite"/>
</testsuite> <!-- com.eagercrow.automation.QuickerWebSite -->
