<?xml version="1.0" encoding="UTF-8"?>
<!-- Generated by org.testng.reporters.JUnitReportReporter -->
<testsuite skipped="0" hostname="LAPTOP-EB5298G3" name="com.eagercrow.automation.EagerCrow" tests="2" failures="0" timestamp="19 Jun 2018 13:29:34 GMT" time="44.214" errors="0">
  <testcase name="signIn" time="22.132" classname="com.eagercrow.automation.EagerCrow"/>
  <testcase name="signIn" time="22.082" classname="com.eagercrow.automation.EagerCrow"/>
</testsuite> <!-- com.eagercrow.automation.EagerCrow -->
