<?xml version="1.0" encoding="UTF-8"?>
<!-- Generated by org.testng.reporters.JUnitReportReporter -->
<testsuite skipped="0" hostname="LAPTOP-EB5298G3" name="com.eagercrow.automation.ImageUpload" tests="1" failures="0" timestamp="09 Jun 2018 10:04:10 GMT" time="7.804" errors="0">
  <testcase name="login" time="7.804" classname="com.eagercrow.automation.ImageUpload"/>
</testsuite> <!-- com.eagercrow.automation.ImageUpload -->
