<?xml version="1.0" encoding="UTF-8"?>
<!-- Generated by org.testng.reporters.JUnitReportReporter -->
<testsuite skipped="0" hostname="LAPTOP-EB5298G3" name="com.eagercrow.automation.EagerCrow" tests="2" failures="0" timestamp="19 Jun 2018 13:56:52 GMT" time="97.030" errors="0">
  <testcase name="signIn" time="48.622" classname="com.eagercrow.automation.EagerCrow"/>
  <testcase name="signIn" time="48.408" classname="com.eagercrow.automation.EagerCrow"/>
</testsuite> <!-- com.eagercrow.automation.EagerCrow -->
